# JRE version: Java(TM) SE Runtime Environment (8.0_191-b12) (build 1.8.0_191-b12)
# Java VM: Java HotSpot(TM) Client VM (25.191-b12 mixed mode windows-x86 )
Heap:
 def new generation   total 157248K, used 78793K [0x05200000, 0x0fca0000, 0x0fca0000)
  eden space 139776K,  56% used [0x05200000, 0x09ef2460, 0x0da80000)
  from space 17472K,   0% used [0x0da80000, 0x0da80000, 0x0eb90000)
  to   space 17472K,   0% used [0x0eb90000, 0x0eb90000, 0x0fca0000)
 tenured generation   total 349568K, used 349567K [0x0fca0000, 0x25200000, 0x25200000)
   the space 349568K,  99% used [0x0fca0000, 0x251ffff0, 0x25200000, 0x25200000)
 Metaspace       used 24865K, capacity 25357K, committed 25472K, reserved 25984K
GC Heap History (10 events):
Event: 4834.630 GC heap before
{Heap before GC invocations=102 (full 64):
 def new generation   total 157248K, used 139731K [0x05200000, 0x0fca0000, 0x0fca0000)
  eden space 139776K,  99% used [0x05200000, 0x0da74fc0, 0x0da80000)
  from space 17472K,   0% used [0x0da80000, 0x0da80000, 0x0eb90000)
  to   space 17472K,   0% used [0x0eb90000, 0x0eb90000, 0x0fca0000)
 tenured generation   total 349568K, used 118387K [0x0fca0000, 0x25200000, 0x25200000)
   the space 349568K,  33% used [0x0fca0000, 0x1703cd60, 0x1703ce00, 0x25200000)
 Metaspace       used 24861K, capacity 25357K, committed 25472K, reserved 25984K
Event: 4834.651 GC heap after
Heap after GC invocations=103 (full 64):
 def new generation   total 157248K, used 17472K [0x05200000, 0x0fca0000, 0x0fca0000)
  eden space 139776K,   0% used [0x05200000, 0x05200000, 0x0da80000)
  from space 17472K, 100% used [0x0eb90000, 0x0fca0000, 0x0fca0000)
  to   space 17472K,   0% used [0x0da80000, 0x0da80000, 0x0eb90000)
 tenured generation   total 349568K, used 125202K [0x0fca0000, 0x25200000, 0x25200000)
   the space 349568K,  35% used [0x0fca0000, 0x176e4a90, 0x176e4c00, 0x25200000)
 Metaspace       used 24861K, capacity 25357K, committed 25472K, reserved 25984K
}
Event: 4839.436 GC heap before
{Heap before GC invocations=103 (full 64):
 def new generation   total 157248K, used 144356K [0x05200000, 0x0fca0000, 0x0fca0000)
  eden space 139776K,  90% used [0x05200000, 0x0cde9160, 0x0da80000)
  from space 17472K, 100% used [0x0eb90000, 0x0fca0000, 0x0fca0000)
  to   space 17472K,   0% used [0x0da80000, 0x0da80000, 0x0eb90000)
 tenured generation   total 349568K, used 125202K [0x0fca0000, 0x25200000, 0x25200000)
   the space 349568K,  35% used [0x0fca0000, 0x176e4a90, 0x176e4c00, 0x25200000)
 Metaspace       used 24861K, capacity 25357K, committed 25472K, reserved 25984K
Event: 4839.874 GC heap after
Heap after GC invocations=104 (full 64):
 def new generation   total 157248K, used 17471K [0x05200000, 0x0fca0000, 0x0fca0000)
  eden space 139776K,   0% used [0x05200000, 0x05200000, 0x0da80000)
  from space 17472K,  99% used [0x0da80000, 0x0eb8fff8, 0x0eb90000)
  to   space 17472K,   0% used [0x0eb90000, 0x0eb90000, 0x0fca0000)
 tenured generation   total 349568K, used 146625K [0x0fca0000, 0x25200000, 0x25200000)
   the space 349568K,  41% used [0x0fca0000, 0x18bd0560, 0x18bd0600, 0x25200000)
 Metaspace       used 24861K, capacity 25357K, committed 25472K, reserved 25984K
}
Event: 4842.334 GC heap before
{Heap before GC invocations=104 (full 64):
 def new generation   total 157248K, used 157247K [0x05200000, 0x0fca0000, 0x0fca0000)
  eden space 139776K, 100% used [0x05200000, 0x0da80000, 0x0da80000)
  from space 17472K,  99% used [0x0da80000, 0x0eb8fff8, 0x0eb90000)
  to   space 17472K,   0% used [0x0eb90000, 0x0eb90000, 0x0fca0000)
 tenured generation   total 349568K, used 146625K [0x0fca0000, 0x25200000, 0x25200000)
   the space 349568K,  41% used [0x0fca0000, 0x18bd0560, 0x18bd0600, 0x25200000)
 Metaspace       used 24865K, capacity 25357K, committed 25472K, reserved 25984K
Event: 4842.517 GC heap after
Heap after GC invocations=105 (full 64):
 def new generation   total 157248K, used 17472K [0x05200000, 0x0fca0000, 0x0fca0000)
  eden space 139776K,   0% used [0x05200000, 0x05200000, 0x0da80000)
  from space 17472K, 100% used [0x0eb90000, 0x0fca0000, 0x0fca0000)
  to   space 17472K,   0% used [0x0da80000, 0x0da80000, 0x0eb90000)
 tenured generation   total 349568K, used 252443K [0x0fca0000, 0x25200000, 0x25200000)
   the space 349568K,  72% used [0x0fca0000, 0x1f326e70, 0x1f327000, 0x25200000)
 Metaspace       used 24865K, capacity 25357K, committed 25472K, reserved 25984K
}
Event: 4843.467 GC heap before
{Heap before GC invocations=105 (full 64):
 def new generation   total 157248K, used 157248K [0x05200000, 0x0fca0000, 0x0fca0000)
  eden space 139776K, 100% used [0x05200000, 0x0da80000, 0x0da80000)
  from space 17472K, 100% used [0x0eb90000, 0x0fca0000, 0x0fca0000)
  to   space 17472K,   0% used [0x0da80000, 0x0da80000, 0x0eb90000)
 tenured generation   total 349568K, used 252443K [0x0fca0000, 0x25200000, 0x25200000)
   the space 349568K,  72% used [0x0fca0000, 0x1f326e70, 0x1f327000, 0x25200000)
 Metaspace       used 24865K, capacity 25357K, committed 25472K, reserved 25984K
Event: 4843.620 GC heap after
Heap after GC invocations=106 (full 64):
 def new generation   total 157248K, used 17471K [0x05200000, 0x0fca0000, 0x0fca0000)
  eden space 139776K,   0% used [0x05200000, 0x05200000, 0x0da80000)
  from space 17472K,  99% used [0x0da80000, 0x0eb8fff8, 0x0eb90000)
  to   space 17472K,   0% used [0x0eb90000, 0x0eb90000, 0x0fca0000)
 tenured generation   total 349568K, used 328917K [0x0fca0000, 0x25200000, 0x25200000)
   the space 349568K,  94% used [0x0fca0000, 0x23dd5658, 0x23dd5800, 0x25200000)
 Metaspace       used 24865K, capacity 25357K, committed 25472K, reserved 25984K
}
Event: 4844.961 GC heap before
{Heap before GC invocations=106 (full 64):
 def new generation   total 157248K, used 157247K [0x05200000, 0x0fca0000, 0x0fca0000)
  eden space 139776K, 100% used [0x05200000, 0x0da80000, 0x0da80000)
  from space 17472K,  99% used [0x0da80000, 0x0eb8fff8, 0x0eb90000)
  to   space 17472K,   0% used [0x0eb90000, 0x0eb90000, 0x0fca0000)
 tenured generation   total 349568K, used 328917K [0x0fca0000, 0x25200000, 0x25200000)
   the space 349568K,  94% used [0x0fca0000, 0x23dd5658, 0x23dd5800, 0x25200000)
 Metaspace       used 24865K, capacity 25357K, committed 25472K, reserved 25984K
Event: 4845.403 GC heap after
Heap after GC invocations=107 (full 65):
 def new generation   total 157248K, used 58221K [0x05200000, 0x0fca0000, 0x0fca0000)
  eden space 139776K,  41% used [0x05200000, 0x08adb7f8, 0x0da80000)
  from space 17472K,   0% used [0x0da80000, 0x0da80000, 0x0eb90000)
  to   space 17472K,   0% used [0x0eb90000, 0x0eb90000, 0x0fca0000)
 tenured generation   total 349568K, used 349567K [0x0fca0000, 0x25200000, 0x25200000)
   the space 349568K,  99% used [0x0fca0000, 0x251ffff0, 0x25200000, 0x25200000)
 Metaspace       used 24865K, capacity 25357K, committed 25472K, reserved 25984K
}

